#
# A fatal error has been detected by the Java Runtime Environment:
#
#  SIGSEGV (0xb) at pc=0x00007fefa684e9ed, pid=20154, tid=0x00007fef899dd700
#
# JRE version: OpenJDK Runtime Environment (8.0_302-b08) (build 1.8.0_302-b08)
# Java VM: OpenJDK 64-Bit Server VM (25.302-b08 mixed mode linux-amd64 compressed oops)
# Problematic frame:
# V  [libjvm.so+0x5d59ed]  Node_Backward_Iterator::next()+0xfd
#
# Failed to write core dump. Core dumps have been disabled. To enable core dumping, try "ulimit -c unlimited" before starting Java again
#
# If you would like to submit a bug report, please visit:
#   https://github.com/corretto/corretto-8/issues/
#

---------------  T H R E A D  ---------------

Current thread (0x00007fefa05b8000):  JavaThread "C2 CompilerThread1" daemon [_thread_in_native, id=20176, stack(0x00007fef898de000,0x00007fef899de000)]

siginfo: si_signo: 11 (SIGSEGV), si_code: 1 (SEGV_MAPERR), si_addr: 0x00007ff219199b90

Registers:
RAX=0x00000000581b4528, RBX=0x00007fef581b55d8, RCX=0x00007fef583f7250, RDX=0x0000000000001ba4
RSP=0x00007fef899d98f0, RBP=0x00007fef899d9930, RSI=0x00007fef581b44e8, RDI=0x0000000000000008
R8 =0x0000000000000001, R9 =0x0000000000000000, R10=0x0000000000000000, R11=0x00007fef58481c10
R12=0x000000000000041a, R13=0x00007fef581b4ba0, R14=0x00007fef899d9960, R15=0x00007fef581b44e8
RIP=0x00007fefa684e9ed, EFLAGS=0x0000000000010202, CSGSFS=0x002b000000000033, ERR=0x0000000000000004
  TRAPNO=0x000000000000000e

Top of Stack: (sp=0x00007fef899d98f0)
0x00007fef899d98f0:   0000000758470901 00007fef581b55e0
0x00007fef899d9900:   00007fef899d9920 00007fefa1339b98
0x00007fef899d9910:   00007fef58481f88 00007fefa1339e38
0x00007fef899d9920:   00007fef584816b8 00007fef899d9ac0
0x00007fef899d9930:   00007fef899d99b0 00007fefa6850df1
0x00007fef899d9940:   00007fef899d99b0 00007fef899d9b18
0x00007fef899d9950:   00007fefa1339b98 00007fef899d9960
0x00007fef899d9960:   00007fef899d99f0 00007fef899d9a10
0x00007fef899d9970:   00007fef899d9ac0 00007fefa0025360
0x00007fef899d9980:   00007fef899d99b0 00007fefa0025360
0x00007fef899d9990:   00007fef899d99f0 00007fefa06c2dc0
0x00007fef899d99a0:   00007fef899d9a10 00007fef899d9ac0
0x00007fef899d99b0:   00007fef899d9a80 00007fefa68542e1
0x00007fef899d99c0:   0000000000000000 00007fef4c28a4d8
0x00007fef899d99d0:   00000000001ec310 00007fefa06cada8
0x00007fef899d99e0:   00007fefa06c9810 00007fefa0feec00
0x00007fef899d99f0:   00007fefa7266980 00007fefa0025360
0x00007fef899d9a00:   00007fef00000200 00007fefa0feec40
0x00007fef899d9a10:   00007fefa0025360 00007fef00002000
0x00007fef899d9a20:   00007fef585eea90 00007fef000001f9
0x00007fef899d9a30:   00007fef00000100 00007fefa0025360
0x00007fef899d9a40:   00007fefa1241660 00007fef00000000
0x00007fef899d9a50:   0000000000000000 00007fef899d9ac0
0x00007fef899d9a60:   00007fef899d9c80 00007fef899d9ac0
0x00007fef899d9a70:   00007fef899dbf00 00007fef899dbf00
0x00007fef899d9a80:   00007fef899d9aa0 00007fefa685469a
0x00007fef899d9a90:   00007fef899dbf00 00007fef899da620
0x00007fef899d9aa0:   00007fef899db2e0 00007fefa66f6859
0x00007fef899d9ab0:   0000000000000000 0000000000000000
0x00007fef899d9ac0:   0000000000000007 00007fef899dbf00
0x00007fef899d9ad0:   00007fef4c288c80 00007fef545e3d98
0x00007fef899d9ae0:   0000000000000800 00007fefa0025360 

Instructions: (pc=0x00007fefa684e9ed)
0x00007fefa684e9cd:   4f 2c 4c 89 fe 83 e1 0f 66 83 f9 08 75 0a 49 8b
0x00007fefa684e9dd:   47 08 48 8b 30 8b 46 28 49 8b 4e 10 48 8b 49 68
0x00007fefa684e9ed:   48 8b 04 c1 44 3b 60 68 77 1e 75 0d 0f b7 46 2c
0x00007fefa684e9fd:   83 e0 0f 66 83 f8 0c 74 0f 4c 89 ff e8 b2 34 35 

Register to memory mapping:

RAX=0x00000000581b4528 is an unknown value
RBX=0x00007fef581b55d8 is an unknown value
RCX=0x00007fef583f7250 is an unknown value
RDX=0x0000000000001ba4 is an unknown value
RSP=0x00007fef899d98f0 is pointing into the stack for thread: 0x00007fefa05b8000
RBP=0x00007fef899d9930 is pointing into the stack for thread: 0x00007fefa05b8000
RSI=0x00007fef581b44e8 is an unknown value
RDI=0x0000000000000008 is an unknown value
R8 =0x0000000000000001 is an unknown value
R9 =0x0000000000000000 is an unknown value
R10=0x0000000000000000 is an unknown value
R11=0x00007fef58481c10 is an unknown value
R12=0x000000000000041a is an unknown value
R13=0x00007fef581b4ba0 is an unknown value
R14=0x00007fef899d9960 is pointing into the stack for thread: 0x00007fefa05b8000
R15=0x00007fef581b44e8 is an unknown value


Stack: [0x00007fef898de000,0x00007fef899de000],  sp=0x00007fef899d98f0,  free space=1006k
Native frames: (J=compiled Java code, j=interpreted, Vv=VM code, C=native code)
V  [libjvm.so+0x5d59ed]  Node_Backward_Iterator::next()+0xfd
V  [libjvm.so+0x5d7df1]  PhaseCFG::schedule_late(VectorSet&, Node_List&)+0x91
V  [libjvm.so+0x5db2e1]  PhaseCFG::global_code_motion()+0x2e1
V  [libjvm.so+0x5db69a]  PhaseCFG::do_global_code_motion()+0x4a
V  [libjvm.so+0x47d859]  Compile::Code_Gen()+0x129
V  [libjvm.so+0x47f0e9]  Compile::Compile(ciEnv*, C2Compiler*, ciMethod*, int, bool, bool, bool)+0xd99
V  [libjvm.so+0x3c76d3]  C2Compiler::compile_method(ciEnv*, ciMethod*, int)+0xa3
V  [libjvm.so+0x48a790]  CompileBroker::invoke_compiler_on_method(CompileTask*)+0x730
V  [libjvm.so+0x48cf78]  CompileBroker::compiler_thread_loop()+0x6d8
V  [libjvm.so+0xaccb9b]  JavaThread::thread_main_inner()+0xdb
V  [libjvm.so+0xacce69]  JavaThread::run()+0x299
V  [libjvm.so+0x95bcd2]  java_start(Thread*)+0x102
C  [libpthread.so.0+0x9609]  start_thread+0xd9


Current CompileTask:
C2:   5953 3730       4       org.springframework.beans.factory.support.AbstractBeanFactory::isTypeMatch (607 bytes)


---------------  P R O C E S S  ---------------

Java Threads: ( => current thread )
  0x00007fef34001800 JavaThread "HikariPool-1 connection adder" daemon [_thread_blocked, id=20195, stack(0x00007fef42dff000,0x00007fef42f00000)]
  0x00007fefa1a0c800 JavaThread "HikariPool-1 housekeeper" daemon [_thread_blocked, id=20194, stack(0x00007fef43100000,0x00007fef43201000)]
  0x00007fefa1a05000 JavaThread "PostgreSQL-JDBC-SharedTimer-1" daemon [_thread_blocked, id=20193, stack(0x00007fef43eff000,0x00007fef44000000)]
  0x00007fefa03cf000 JavaThread "container-0" [_thread_blocked, id=20191, stack(0x00007fef88084000,0x00007fef88185000)]
  0x00007fefa03ce800 JavaThread "Catalina-utility-2" [_thread_blocked, id=20190, stack(0x00007fef88796000,0x00007fef88897000)]
  0x00007fefa03cd800 JavaThread "Catalina-utility-1" [_thread_blocked, id=20189, stack(0x00007fef88e97000,0x00007fef88f98000)]
  0x00007fefa05bd800 JavaThread "Service Thread" daemon [_thread_blocked, id=20178, stack(0x00007fef896db000,0x00007fef897dc000)]
  0x00007fefa05ba000 JavaThread "C1 CompilerThread2" daemon [_thread_blocked, id=20177, stack(0x00007fef897dd000,0x00007fef898dd000)]
=>0x00007fefa05b8000 JavaThread "C2 CompilerThread1" daemon [_thread_in_native, id=20176, stack(0x00007fef898de000,0x00007fef899de000)]
  0x00007fefa05b6000 JavaThread "C2 CompilerThread0" daemon [_thread_in_native, id=20175, stack(0x00007fef899df000,0x00007fef89adf000)]
  0x00007fef68001800 JavaThread "JDWP Command Reader" daemon [_thread_in_native, id=20172, stack(0x00007fef8a312000,0x00007fef8a413000)]
  0x00007fefa01a2000 JavaThread "JDWP Event Helper Thread" daemon [_thread_blocked, id=20171, stack(0x00007fef8a413000,0x00007fef8a514000)]
  0x00007fefa019e000 JavaThread "JDWP Transport Listener: dt_socket" daemon [_thread_blocked, id=20170, stack(0x00007fef8a514000,0x00007fef8a615000)]
  0x00007fefa0188000 JavaThread "Signal Dispatcher" daemon [_thread_blocked, id=20169, stack(0x00007fef8a81a000,0x00007fef8a91b000)]
  0x00007fefa0156000 JavaThread "Finalizer" daemon [_thread_blocked, id=20167, stack(0x00007fef8a91b000,0x00007fef8aa1c000)]
  0x00007fefa0151800 JavaThread "Reference Handler" daemon [_thread_blocked, id=20166, stack(0x00007fef8aa1c000,0x00007fef8ab1d000)]
  0x00007fefa0012000 JavaThread "main" [_thread_in_Java, id=20155, stack(0x00007fefa602a000,0x00007fefa612a000)]

Other Threads:
  0x00007fefa0148000 VMThread [stack: 0x00007fef8ab1e000,0x00007fef8ac1e000] [id=20161]
  0x00007fefa05cf000 WatcherThread [stack: 0x00007fef895db000,0x00007fef896db000] [id=20179]

VM state:not at safepoint (normal execution)

VM Mutex/Monitor currently owned by a thread: None

heap address: 0x0000000085600000, size: 1962 MB, Compressed Oops mode: 32-bit
Narrow klass base: 0x0000000000000000, Narrow klass shift: 3
Compressed class space size: 1073741824 Address: 0x0000000100000000

Heap:
 PSYoungGen      total 186880K, used 60175K [0x00000000d7200000, 0x00000000e7400000, 0x0000000100000000)
  eden space 175616K, 27% used [0x00000000d7200000,0x00000000da1c4900,0x00000000e1d80000)
  from space 11264K, 99% used [0x00000000e1d80000,0x00000000e287f648,0x00000000e2880000)
  to   space 14336K, 0% used [0x00000000e6600000,0x00000000e6600000,0x00000000e7400000)
 ParOldGen       total 73216K, used 15992K [0x0000000085600000, 0x0000000089d80000, 0x00000000d7200000)
  object space 73216K, 21% used [0x0000000085600000,0x000000008659e290,0x0000000089d80000)
 Metaspace       used 50708K, capacity 53220K, committed 53464K, reserved 1095680K
  class space    used 6995K, capacity 7422K, committed 7424K, reserved 1048576K

Card table byte_map: [0x00007fef90c2a000,0x00007fef91000000] byte_map_base: 0x00007fef907ff000

Marking Bits: (ParMarkBitMap*) 0x00007fefa72a7700
 Begin Bits: [0x00007fef8c949000, 0x00007fef8e7f1000)
 End Bits:   [0x00007fef8e7f1000, 0x00007fef90699000)

Polling page: 0x00007fefa773c000

CodeCache: size=245760Kb used=13776Kb max_used=13776Kb free=231983Kb
 bounds [0x00007fef91000000, 0x00007fef91d80000, 0x00007fefa0000000]
 total_blobs=4254 nmethods=3794 adapters=381
 compilation: enabled

Compilation events (10 events):
Event: 5,904 Thread 0x00007fefa05ba000 3831       3       java.util.SubList$1::hasNext (20 bytes)
Event: 5,904 Thread 0x00007fefa05ba000 nmethod 3831 0x00007fef91d78690 code [0x00007fef91d78820, 0x00007fef91d78b48]
Event: 5,934 Thread 0x00007fefa05ba000 3832       3       org.apache.logging.slf4j.SLF4JLogger::isEnabled (7 bytes)
Event: 5,934 Thread 0x00007fefa05ba000 nmethod 3832 0x00007fef91d78f10 code [0x00007fef91d79080, 0x00007fef91d79228]
Event: 5,934 Thread 0x00007fefa05ba000 3833       3       org.apache.logging.slf4j.SLF4JLogger::isEnabledFor (118 bytes)
Event: 5,935 Thread 0x00007fefa05ba000 nmethod 3833 0x00007fef91d792d0 code [0x00007fef91d794c0, 0x00007fef91d79d08]
Event: 5,943 Thread 0x00007fefa05ba000 3834       3       org.springframework.util.ConcurrentReferenceHashMap::get (37 bytes)
Event: 5,943 Thread 0x00007fefa05ba000 nmethod 3834 0x00007fef91d7a090 code [0x00007fef91d7a240, 0x00007fef91d7a868]
Event: 5,943 Thread 0x00007fefa05ba000 3835       3       java.util.HashMap$Node::hashCode (16 bytes)
Event: 5,944 Thread 0x00007fefa05ba000 nmethod 3835 0x00007fef91d7ab50 code [0x00007fef91d7ace0, 0x00007fef91d7b138]

GC Heap History (10 events):
Event: 2,738 GC heap before
{Heap before GC invocations=7 (full 1):
 PSYoungGen      total 68608K, used 63488K [0x00000000d7200000, 0x00000000dff00000, 0x0000000100000000)
  eden space 63488K, 100% used [0x00000000d7200000,0x00000000db000000,0x00000000db000000)
  from space 5120K, 0% used [0x00000000db000000,0x00000000db000000,0x00000000db500000)
  to   space 8704K, 0% used [0x00000000df680000,0x00000000df680000,0x00000000dff00000)
 ParOldGen       total 51200K, used 7444K [0x0000000085600000, 0x0000000088800000, 0x00000000d7200000)
  object space 51200K, 14% used [0x0000000085600000,0x0000000085d451f8,0x0000000088800000)
 Metaspace       used 23762K, capacity 24820K, committed 25088K, reserved 1071104K
  class space    used 3068K, capacity 3304K, committed 3328K, reserved 1048576K
Event: 2,743 GC heap after
Heap after GC invocations=7 (full 1):
 PSYoungGen      total 113152K, used 5669K [0x00000000d7200000, 0x00000000dfc80000, 0x0000000100000000)
  eden space 107008K, 0% used [0x00000000d7200000,0x00000000d7200000,0x00000000dda80000)
  from space 6144K, 92% used [0x00000000df680000,0x00000000dfc096e0,0x00000000dfc80000)
  to   space 8192K, 0% used [0x00000000dec80000,0x00000000dec80000,0x00000000df480000)
 ParOldGen       total 51200K, used 7452K [0x0000000085600000, 0x0000000088800000, 0x00000000d7200000)
  object space 51200K, 14% used [0x0000000085600000,0x0000000085d471f8,0x0000000088800000)
 Metaspace       used 23762K, capacity 24820K, committed 25088K, reserved 1071104K
  class space    used 3068K, capacity 3304K, committed 3328K, reserved 1048576K
}
Event: 3,868 GC heap before
{Heap before GC invocations=8 (full 1):
 PSYoungGen      total 113152K, used 112677K [0x00000000d7200000, 0x00000000dfc80000, 0x0000000100000000)
  eden space 107008K, 100% used [0x00000000d7200000,0x00000000dda80000,0x00000000dda80000)
  from space 6144K, 92% used [0x00000000df680000,0x00000000dfc096e0,0x00000000dfc80000)
  to   space 8192K, 0% used [0x00000000dec80000,0x00000000dec80000,0x00000000df480000)
 ParOldGen       total 51200K, used 7452K [0x0000000085600000, 0x0000000088800000, 0x00000000d7200000)
  object space 51200K, 14% used [0x0000000085600000,0x0000000085d471f8,0x0000000088800000)
 Metaspace       used 31726K, capacity 33816K, committed 34048K, reserved 1079296K
  class space    used 4178K, capacity 4558K, committed 4608K, reserved 1048576K
Event: 3,880 GC heap after
Heap after GC invocations=8 (full 1):
 PSYoungGen      total 133632K, used 8177K [0x00000000d7200000, 0x00000000e3380000, 0x0000000100000000)
  eden space 125440K, 0% used [0x00000000d7200000,0x00000000d7200000,0x00000000dec80000)
  from space 8192K, 99% used [0x00000000dec80000,0x00000000df47c548,0x00000000df480000)
  to   space 11264K, 0% used [0x00000000e2880000,0x00000000e2880000,0x00000000e3380000)
 ParOldGen       total 51200K, used 11687K [0x0000000085600000, 0x0000000088800000, 0x00000000d7200000)
  object space 51200K, 22% used [0x0000000085600000,0x0000000086169d48,0x0000000088800000)
 Metaspace       used 31726K, capacity 33816K, committed 34048K, reserved 1079296K
  class space    used 4178K, capacity 4558K, committed 4608K, reserved 1048576K
}
Event: 4,071 GC heap before
{Heap before GC invocations=9 (full 1):
 PSYoungGen      total 133632K, used 63430K [0x00000000d7200000, 0x00000000e3380000, 0x0000000100000000)
  eden space 125440K, 44% used [0x00000000d7200000,0x00000000da7f5388,0x00000000dec80000)
  from space 8192K, 99% used [0x00000000dec80000,0x00000000df47c548,0x00000000df480000)
  to   space 11264K, 0% used [0x00000000e2880000,0x00000000e2880000,0x00000000e3380000)
 ParOldGen       total 51200K, used 11687K [0x0000000085600000, 0x0000000088800000, 0x00000000d7200000)
  object space 51200K, 22% used [0x0000000085600000,0x0000000086169d48,0x0000000088800000)
 Metaspace       used 33174K, capacity 35314K, committed 35416K, reserved 1079296K
  class space    used 4344K, capacity 4717K, committed 4736K, reserved 1048576K
Event: 4,085 GC heap after
Heap after GC invocations=9 (full 1):
 PSYoungGen      total 186880K, used 7815K [0x00000000d7200000, 0x00000000e5b80000, 0x0000000100000000)
  eden space 175616K, 0% used [0x00000000d7200000,0x00000000d7200000,0x00000000e1d80000)
  from space 11264K, 69% used [0x00000000e2880000,0x00000000e3021da8,0x00000000e3380000)
  to   space 11264K, 0% used [0x00000000e1d80000,0x00000000e1d80000,0x00000000e2880000)
 ParOldGen       total 51200K, used 11695K [0x0000000085600000, 0x0000000088800000, 0x00000000d7200000)
  object space 51200K, 22% used [0x0000000085600000,0x000000008616bd48,0x0000000088800000)
 Metaspace       used 33174K, capacity 35314K, committed 35416K, reserved 1079296K
  class space    used 4344K, capacity 4717K, committed 4736K, reserved 1048576K
}
Event: 4,085 GC heap before
{Heap before GC invocations=10 (full 2):
 PSYoungGen      total 186880K, used 7815K [0x00000000d7200000, 0x00000000e5b80000, 0x0000000100000000)
  eden space 175616K, 0% used [0x00000000d7200000,0x00000000d7200000,0x00000000e1d80000)
  from space 11264K, 69% used [0x00000000e2880000,0x00000000e3021da8,0x00000000e3380000)
  to   space 11264K, 0% used [0x00000000e1d80000,0x00000000e1d80000,0x00000000e2880000)
 ParOldGen       total 51200K, used 11695K [0x0000000085600000, 0x0000000088800000, 0x00000000d7200000)
  object space 51200K, 22% used [0x0000000085600000,0x000000008616bd48,0x0000000088800000)
 Metaspace       used 33174K, capacity 35314K, committed 35416K, reserved 1079296K
  class space    used 4344K, capacity 4717K, committed 4736K, reserved 1048576K
Event: 4,137 GC heap after
Heap after GC invocations=10 (full 2):
 PSYoungGen      total 186880K, used 0K [0x00000000d7200000, 0x00000000e5b80000, 0x0000000100000000)
  eden space 175616K, 0% used [0x00000000d7200000,0x00000000d7200000,0x00000000e1d80000)
  from space 11264K, 0% used [0x00000000e2880000,0x00000000e2880000,0x00000000e3380000)
  to   space 11264K, 0% used [0x00000000e1d80000,0x00000000e1d80000,0x00000000e2880000)
 ParOldGen       total 73216K, used 12039K [0x0000000085600000, 0x0000000089d80000, 0x00000000d7200000)
  object space 73216K, 16% used [0x0000000085600000,0x00000000861c1ef8,0x0000000089d80000)
 Metaspace       used 33174K, capacity 35314K, committed 35416K, reserved 1079296K
  class space    used 4344K, capacity 4717K, committed 4736K, reserved 1048576K
}
Event: 5,597 GC heap before
{Heap before GC invocations=11 (full 2):
 PSYoungGen      total 186880K, used 175616K [0x00000000d7200000, 0x00000000e5b80000, 0x0000000100000000)
  eden space 175616K, 100% used [0x00000000d7200000,0x00000000e1d80000,0x00000000e1d80000)
  from space 11264K, 0% used [0x00000000e2880000,0x00000000e2880000,0x00000000e3380000)
  to   space 11264K, 0% used [0x00000000e1d80000,0x00000000e1d80000,0x00000000e2880000)
 ParOldGen       total 73216K, used 12039K [0x0000000085600000, 0x0000000089d80000, 0x00000000d7200000)
  object space 73216K, 16% used [0x0000000085600000,0x00000000861c1ef8,0x0000000089d80000)
 Metaspace       used 47911K, capacity 50310K, committed 50648K, reserved 1093632K
  class space    used 6627K, capacity 7053K, committed 7168K, reserved 1048576K
Event: 5,609 GC heap after
Heap after GC invocations=11 (full 2):
 PSYoungGen      total 186880K, used 11261K [0x00000000d7200000, 0x00000000e7400000, 0x0000000100000000)
  eden space 175616K, 0% used [0x00000000d7200000,0x00000000d7200000,0x00000000e1d80000)
  from space 11264K, 99% used [0x00000000e1d80000,0x00000000e287f648,0x00000000e2880000)
  to   space 14336K, 0% used [0x00000000e6600000,0x00000000e6600000,0x00000000e7400000)
 ParOldGen       total 73216K, used 15992K [0x0000000085600000, 0x0000000089d80000, 0x00000000d7200000)
  object space 73216K, 21% used [0x0000000085600000,0x000000008659e290,0x0000000089d80000)
 Metaspace       used 47911K, capacity 50310K, committed 50648K, reserved 1093632K
  class space    used 6627K, capacity 7053K, committed 7168K, reserved 1048576K
}

Deoptimization events (10 events):
Event: 5,281 Thread 0x00007fefa0012000 Uncommon trap: reason=predicate action=maybe_recompile pc=0x00007fef91425b80 method=java.lang.String.regionMatches(ZILjava/lang/String;II)Z @ 63
Event: 5,497 Thread 0x00007fefa0012000 Uncommon trap: reason=unstable_if action=reinterpret pc=0x00007fef91c57a58 method=java.util.HashMap$HashIterator.<init>(Ljava/util/HashMap;)V @ 45
Event: 5,747 Thread 0x00007fefa0012000 Uncommon trap: reason=class_check action=maybe_recompile pc=0x00007fef91a80eb0 method=java.lang.reflect.Method.equals(Ljava/lang/Object;)Z @ 5
Event: 5,747 Thread 0x00007fefa0012000 Uncommon trap: reason=class_check action=maybe_recompile pc=0x00007fef91a80eb0 method=java.lang.reflect.Method.equals(Ljava/lang/Object;)Z @ 5
Event: 5,749 Thread 0x00007fefa0012000 Uncommon trap: reason=class_check action=maybe_recompile pc=0x00007fef91b635c0 method=org.springframework.core.annotation.TypeMappedAnnotations$MergedAnnotationFinder.process(Ljava/lang/Object;ILjava/lang/Object;Ljava/lang/annotation/Annotation;)Lorg/spri
Event: 5,781 Thread 0x00007fefa0012000 Uncommon trap: reason=unstable_if action=reinterpret pc=0x00007fef91b6105c method=org.springframework.core.annotation.TypeMappedAnnotations$MergedAnnotationFinder.doWithAnnotations(Ljava/lang/Object;ILjava/lang/Object;[Ljava/lang/annotation/Annotation;)Lo
Event: 5,782 Thread 0x00007fefa0012000 Uncommon trap: reason=unstable_if action=reinterpret pc=0x00007fef919e5e40 method=org.springframework.beans.factory.support.AbstractAutowireCapableBeanFactory.determineTargetType(Ljava/lang/String;Lorg/springframework/beans/factory/support/RootBeanDefinit
Event: 5,822 Thread 0x00007fefa0012000 Uncommon trap: reason=unstable_if action=reinterpret pc=0x00007fef91a39f14 method=java.util.concurrent.ConcurrentHashMap.putVal(Ljava/lang/Object;Ljava/lang/Object;Z)Ljava/lang/Object; @ 331
Event: 5,823 Thread 0x00007fefa0012000 Uncommon trap: reason=unstable_if action=reinterpret pc=0x00007fef91775fa8 method=java.util.concurrent.ConcurrentHashMap.transfer([Ljava/util/concurrent/ConcurrentHashMap$Node;[Ljava/util/concurrent/ConcurrentHashMap$Node;)V @ 356
Event: 5,943 Thread 0x00007fefa0012000 Uncommon trap: reason=unstable_if action=reinterpret pc=0x00007fef91acb450 method=org.springframework.util.ConcurrentReferenceHashMap$Segment.restructureIfNecessary(Z)V @ 41

Classes redefined (0 events):
No events

Internal exceptions (10 events):
Event: 5,776 Thread 0x00007fefa0012000 Exception <a 'java/lang/ClassNotFoundException': org/springframework/beans/factory/BeanFactoryAwareCustomizer> (0x00000000d8d28930) thrown at [/home/jenkins/node/workspace/Corretto8/generic_linux/x64/build/Corretto8Src/installers/linux/universal/tar/corre
Event: 5,776 Thread 0x00007fefa0012000 Exception <a 'java/lang/ClassNotFoundException': org/springframework/beans/factory/AwareCustomizer> (0x00000000d8d3f9c8) thrown at [/home/jenkins/node/workspace/Corretto8/generic_linux/x64/build/Corretto8Src/installers/linux/universal/tar/corretto-build/b
Event: 5,777 Thread 0x00007fefa0012000 Exception <a 'java/lang/ClassNotFoundException': org/springframework/context/ApplicationEventPublisherAwareCustomizer> (0x00000000d8d5a9a0) thrown at [/home/jenkins/node/workspace/Corretto8/generic_linux/x64/build/Corretto8Src/installers/linux/universal/t
Event: 5,777 Thread 0x00007fefa0012000 Exception <a 'java/lang/ClassNotFoundException': org/springframework/beans/factory/AwareCustomizer> (0x00000000d8d71be0) thrown at [/home/jenkins/node/workspace/Corretto8/generic_linux/x64/build/Corretto8Src/installers/linux/universal/tar/corretto-build/b
Event: 5,784 Thread 0x00007fefa0012000 Exception <a 'java/lang/ClassNotFoundException': java/lang/ObjectCustomizer> (0x00000000d8de3fd8) thrown at [/home/jenkins/node/workspace/Corretto8/generic_linux/x64/build/Corretto8Src/installers/linux/universal/tar/corretto-build/buildRoot/src/hotspot/sr
Event: 5,784 Thread 0x00007fefa0012000 Exception <a 'java/lang/ClassNotFoundException': org/springframework/core/io/support/PropertiesLoaderSupportCustomizer> (0x00000000d8e034b0) thrown at [/home/jenkins/node/workspace/Corretto8/generic_linux/x64/build/Corretto8Src/installers/linux/universal/
Event: 5,785 Thread 0x00007fefa0012000 Exception <a 'java/lang/ClassNotFoundException': org/springframework/beans/factory/config/PropertiesFactoryBeanCustomizer> (0x00000000d8e28d90) thrown at [/home/jenkins/node/workspace/Corretto8/generic_linux/x64/build/Corretto8Src/installers/linux/univers
Event: 5,786 Thread 0x00007fefa0012000 Exception <a 'java/lang/ClassNotFoundException': org/springframework/beans/factory/FactoryBeanCustomizer> (0x00000000d8e56768) thrown at [/home/jenkins/node/workspace/Corretto8/generic_linux/x64/build/Corretto8Src/installers/linux/universal/tar/corretto-b
Event: 5,787 Thread 0x00007fefa0012000 Exception <a 'java/lang/ClassNotFoundException': org/springframework/beans/factory/InitializingBeanCustomizer> (0x00000000d8e72ac8) thrown at [/home/jenkins/node/workspace/Corretto8/generic_linux/x64/build/Corretto8Src/installers/linux/universal/tar/corre
Event: 5,830 Thread 0x00007fefa0012000 Exception <a 'java/lang/NoSuchMethodError': java.lang.Object.lambda$static$0(Ljava/lang/Object;)Lorg/springframework/expression/EvaluationContext;> (0x00000000d93201a8) thrown at [/home/jenkins/node/workspace/Corretto8/generic_linux/x64/build/Corretto8Src

Events (10 events):
Event: 5,948 Thread 0x00007fefa0012000 DEOPT PACKING pc=0x00007fef91112d78 sp=0x00007fefa6122c30
Event: 5,948 Thread 0x00007fefa0012000 DEOPT UNPACKING pc=0x00007fef910474c4 sp=0x00007fefa6122858 mode 1
Event: 5,948 loading class org/springframework/data/mapping/model/PreferredConstructorDiscoverer$Discoverers$2
Event: 5,948 loading class org/springframework/data/mapping/model/PreferredConstructorDiscoverer$Discoverers$2 done
Event: 5,948 Thread 0x00007fefa0012000 DEOPT PACKING pc=0x00007fef91112d78 sp=0x00007fefa6122c30
Event: 5,948 Thread 0x00007fefa0012000 DEOPT UNPACKING pc=0x00007fef910474c4 sp=0x00007fefa6122858 mode 1
Event: 5,948 loading class org/springframework/data/util/KotlinReflectionUtils
Event: 5,949 loading class org/springframework/data/util/KotlinReflectionUtils done
Event: 5,949 Thread 0x00007fefa0012000 DEOPT PACKING pc=0x00007fef91112d78 sp=0x00007fefa6124580
Event: 5,949 Thread 0x00007fefa0012000 DEOPT UNPACKING pc=0x00007fef910474c4 sp=0x00007fefa61241a8 mode 1


Dynamic libraries:
85600000-89d80000 rw-p 00000000 00:00 0 
89d80000-d7200000 ---p 00000000 00:00 0 
d7200000-e7400000 rw-p 00000000 00:00 0 
e7400000-100000000 ---p 00000000 00:00 0 
100000000-100740000 rw-p 00000000 00:00 0 
100740000-140000000 ---p 00000000 00:00 0 
55a853400000-55a853401000 r-xp 00000000 08:12 10620025                   /home/mariana/.jdks/corretto-1.8.0_302/bin/java
55a853600000-55a853601000 r--p 00000000 08:12 10620025                   /home/mariana/.jdks/corretto-1.8.0_302/bin/java
55a853601000-55a853602000 rw-p 00001000 08:12 10620025                   /home/mariana/.jdks/corretto-1.8.0_302/bin/java
55a854433000-55a854454000 rw-p 00000000 00:00 0                          [heap]
7fef28000000-7fef28021000 rw-p 00000000 00:00 0 
7fef28021000-7fef2c000000 ---p 00000000 00:00 0 
7fef30000000-7fef30021000 rw-p 00000000 00:00 0 
7fef30021000-7fef34000000 ---p 00000000 00:00 0 
7fef34000000-7fef34021000 rw-p 00000000 00:00 0 
7fef34021000-7fef38000000 ---p 00000000 00:00 0 
7fef38000000-7fef38021000 rw-p 00000000 00:00 0 
7fef38021000-7fef3c000000 ---p 00000000 00:00 0 
7fef3c000000-7fef3c060000 rw-p 00000000 00:00 0 
7fef3c060000-7fef40000000 ---p 00000000 00:00 0 
7fef425ff000-7fef426ff000 rw-p 00000000 00:00 0 
7fef426ff000-7fef427ff000 ---p 00000000 00:00 0 
7fef427ff000-7fef429ff000 rw-p 00000000 00:00 0 
7fef429ff000-7fef42bff000 rw-p 00000000 00:00 0 
7fef42bff000-7fef42dff000 rw-p 00000000 00:00 0 
7fef42dff000-7fef42e02000 ---p 00000000 00:00 0 
7fef42e02000-7fef43100000 rw-p 00000000 00:00 0 
7fef43100000-7fef43103000 ---p 00000000 00:00 0 
7fef43103000-7fef43401000 rw-p 00000000 00:00 0 
7fef43401000-7fef43601000 rw-p 00000000 00:00 0 
7fef43601000-7fef43801000 rw-p 00000000 00:00 0 
7fef43801000-7fef439f7000 rw-p 00000000 00:00 0 
7fef439f7000-7fef43a01000 ---p 00000000 00:00 0 
7fef43a01000-7fef43c01000 rw-p 00000000 00:00 0 
7fef43c01000-7fef43e01000 rw-p 00000000 00:00 0 
7fef43eff000-7fef43f02000 ---p 00000000 00:00 0 
7fef43f02000-7fef44000000 rw-p 00000000 00:00 0 
7fef44000000-7fef44021000 rw-p 00000000 00:00 0 
7fef44021000-7fef48000000 ---p 00000000 00:00 0 
7fef48000000-7fef483f6000 rw-p 00000000 00:00 0 
7fef483f6000-7fef4c000000 ---p 00000000 00:00 0 
7fef4c000000-7fef4d548000 rw-p 00000000 00:00 0 
7fef4d548000-7fef50000000 ---p 00000000 00:00 0 
7fef50000000-7fef50021000 rw-p 00000000 00:00 0 
7fef50021000-7fef54000000 ---p 00000000 00:00 0 
7fef54000000-7fef55acd000 rw-p 00000000 00:00 0 
7fef55acd000-7fef58000000 ---p 00000000 00:00 0 
7fef58000000-7fef59a32000 rw-p 00000000 00:00 0 
7fef59a32000-7fef5c000000 ---p 00000000 00:00 0 
7fef5c000000-7fef5c0b5000 rw-p 00000000 00:00 0 
7fef5c0b5000-7fef60000000 ---p 00000000 00:00 0 
7fef60000000-7fef60021000 rw-p 00000000 00:00 0 
7fef60021000-7fef64000000 ---p 00000000 00:00 0 
7fef64000000-7fef64021000 rw-p 00000000 00:00 0 
7fef64021000-7fef68000000 ---p 00000000 00:00 0 
7fef68000000-7fef68021000 rw-p 00000000 00:00 0 
7fef68021000-7fef6c000000 ---p 00000000 00:00 0 
7fef6c000000-7fef6c021000 rw-p 00000000 00:00 0 
7fef6c021000-7fef70000000 ---p 00000000 00:00 0 
7fef70000000-7fef70021000 rw-p 00000000 00:00 0 
7fef70021000-7fef74000000 ---p 00000000 00:00 0 
7fef74000000-7fef74021000 rw-p 00000000 00:00 0 
7fef74021000-7fef78000000 ---p 00000000 00:00 0 
7fef78000000-7fef7802b000 rw-p 00000000 00:00 0 
7fef7802b000-7fef7c000000 ---p 00000000 00:00 0 
7fef7c000000-7fef7c021000 rw-p 00000000 00:00 0 
7fef7c021000-7fef80000000 ---p 00000000 00:00 0 
7fef80000000-7fef80021000 rw-p 00000000 00:00 0 
7fef80021000-7fef84000000 ---p 00000000 00:00 0 
7fef84000000-7fef84021000 rw-p 00000000 00:00 0 
7fef84021000-7fef88000000 ---p 00000000 00:00 0 
7fef88084000-7fef88087000 ---p 00000000 00:00 0 
7fef88087000-7fef88385000 rw-p 00000000 00:00 0 
7fef88385000-7fef88396000 r--s 001c4000 08:12 10620170                   /home/mariana/.jdks/corretto-1.8.0_302/jre/lib/jsse.jar
7fef88396000-7fef88596000 rw-p 00000000 00:00 0 
7fef88596000-7fef88796000 rw-p 00000000 00:00 0 
7fef88796000-7fef88799000 ---p 00000000 00:00 0 
7fef88799000-7fef88a97000 rw-p 00000000 00:00 0 
7fef88a97000-7fef88c97000 rw-p 00000000 00:00 0 
7fef88c97000-7fef88e97000 rw-p 00000000 00:00 0 
7fef88e97000-7fef88e9a000 ---p 00000000 00:00 0 
7fef88e9a000-7fef88f98000 rw-p 00000000 00:00 0 
7fef88f98000-7fef88fa1000 r-xp 00000000 08:12 10620082                   /home/mariana/.jdks/corretto-1.8.0_302/jre/lib/amd64/libmanagement.so
7fef88fa1000-7fef891a0000 ---p 00009000 08:12 10620082                   /home/mariana/.jdks/corretto-1.8.0_302/jre/lib/amd64/libmanagement.so
7fef891a0000-7fef891a1000 r--p 00008000 08:12 10620082                   /home/mariana/.jdks/corretto-1.8.0_302/jre/lib/amd64/libmanagement.so
7fef891a1000-7fef891a2000 rw-p 00009000 08:12 10620082                   /home/mariana/.jdks/corretto-1.8.0_302/jre/lib/amd64/libmanagement.so
7fef891a2000-7fef893a2000 rw-p 00000000 00:00 0 
7fef893a2000-7fef895a2000 rw-p 00000000 00:00 0 
7fef895a2000-7fef895ad000 r--s 00116000 08:12 10620159                   /home/mariana/.jdks/corretto-1.8.0_302/jre/lib/ext/localedata.jar
7fef895ad000-7fef895b4000 r--s 00000000 08:12 1050190                    /usr/lib/x86_64-linux-gnu/gconv/gconv-modules.cache
7fef895b4000-7fef895da000 r--p 00000000 08:12 2629590                    /usr/share/locale-langpack/pt_BR/LC_MESSAGES/libc.mo
7fef895da000-7fef895db000 ---p 00000000 00:00 0 
7fef895db000-7fef896db000 rw-p 00000000 00:00 0 
7fef896db000-7fef896de000 ---p 00000000 00:00 0 
7fef896de000-7fef897dc000 rw-p 00000000 00:00 0 
7fef897dc000-7fef897dd000 ---p 00000000 00:00 0 
7fef897dd000-7fef897e0000 ---p 00000000 00:00 0 
7fef897e0000-7fef898dd000 rw-p 00000000 00:00 0 
7fef898dd000-7fef898de000 ---p 00000000 00:00 0 
7fef898de000-7fef898e1000 ---p 00000000 00:00 0 
7fef898e1000-7fef899de000 rw-p 00000000 00:00 0 
7fef899de000-7fef899df000 ---p 00000000 00:00 0 
7fef899df000-7fef899e2000 ---p 00000000 00:00 0 
7fef899e2000-7fef89adf000 rw-p 00000000 00:00 0 
7fef89adf000-7fef89ae5000 r--s 000d3000 08:12 10620171                   /home/mariana/.jdks/corretto-1.8.0_302/jre/lib/jfr.jar
7fef89ae5000-7fef89ae6000 r--s 00002000 07:14 1525                       /snap/intellij-idea-community/330/plugins/java/lib/rt/debugger-agent-storage.jar
7fef89ae7000-7fef89aff000 r-xp 00000000 08:12 10620080                   /home/mariana/.jdks/corretto-1.8.0_302/jre/lib/amd64/libnet.so
7fef89aff000-7fef89cfe000 ---p 00018000 08:12 10620080                   /home/mariana/.jdks/corretto-1.8.0_302/jre/lib/amd64/libnet.so
7fef89cfe000-7fef89cff000 r--p 00017000 08:12 10620080                   /home/mariana/.jdks/corretto-1.8.0_302/jre/lib/amd64/libnet.so
7fef89cff000-7fef89d00000 rw-p 00018000 08:12 10620080                   /home/mariana/.jdks/corretto-1.8.0_302/jre/lib/amd64/libnet.so
7fef89d00000-7fef89d11000 r-xp 00000000 08:12 10620087                   /home/mariana/.jdks/corretto-1.8.0_302/jre/lib/amd64/libnio.so
7fef89d11000-7fef89f11000 ---p 00011000 08:12 10620087                   /home/mariana/.jdks/corretto-1.8.0_302/jre/lib/amd64/libnio.so
7fef89f11000-7fef89f12000 r--p 00011000 08:12 10620087                   /home/mariana/.jdks/corretto-1.8.0_302/jre/lib/amd64/libnio.so
7fef89f12000-7fef89f13000 rw-p 00012000 08:12 10620087                   /home/mariana/.jdks/corretto-1.8.0_302/jre/lib/amd64/libnio.so
7fef89f13000-7fef89f18000 r--s 0005d000 07:14 1526                       /snap/intellij-idea-community/330/plugins/java/lib/rt/debugger-agent.jar
7fef89f18000-7fef89f1a000 r--s 0001d000 07:14 629                        /snap/intellij-idea-community/330/lib/idea_rt.jar
7fef89f1a000-7fef89f24000 r--s 000b7000 08:12 11141247                   /home/mariana/.m2/repository/org/postgresql/postgresql/42.2.2/postgresql-42.2.2.jar
7fef89f24000-7fef89f29000 r--s 00055000 08:12 11014028                   /home/mariana/.m2/repository/com/fasterxml/jackson/core/jackson-core/2.12.5/jackson-core-2.12.5.jar
7fef89f29000-7fef89f2c000 r--s 00010000 08:12 11014030                   /home/mariana/.m2/repository/com/fasterxml/jackson/core/jackson-annotations/2.12.5/jackson-annotations-2.12.5.jar
7fef89f2c000-7fef89f43000 r--s 0015c000 08:12 11014026                   /home/mariana/.m2/repository/com/fasterxml/jackson/core/jackson-databind/2.12.5/jackson-databind-2.12.5.jar
7fef89f43000-7fef89f46000 r--s 00019000 08:12 10620631                   /home/mariana/.m2/repository/io/jsonwebtoken/jjwt/0.9.1/jjwt-0.9.1.jar
7fef89f46000-7fef89f4f000 r--s 00049000 08:12 11142741                   /home/mariana/.m2/repository/org/springframework/spring-tx/5.3.12/spring-tx-5.3.12.jar
7fef89f4f000-7fef89f5c000 r--s 0009e000 08:12 11142733                   /home/mariana/.m2/repository/org/springframework/spring-beans/5.3.12/spring-beans-5.3.12.jar
7fef89f5c000-7fef89f66000 r--s 0005f000 08:12 11142735                   /home/mariana/.m2/repository/org/springframework/spring-jdbc/5.3.12/spring-jdbc-5.3.12.jar
7fef89f66000-7fef89f76000 r--s 00086000 08:12 11274614                   /home/mariana/.m2/repository/org/springframework/security/spring-security-web/5.5.3/spring-security-web-5.5.3.jar
7fef89f76000-7fef89f79000 r--s 00011000 08:12 11274612                   /home/mariana/.m2/repository/org/springframework/security/spring-security-crypto/5.5.3/spring-security-crypto-5.5.3.jar
7fef89f79000-7fef89f84000 r--s 00052000 08:12 11274610                   /home/mariana/.m2/repository/org/springframework/security/spring-security-core/5.5.3/spring-security-core-5.5.3.jar
7fef89f84000-7fef89f98000 r--s 00127000 08:12 11274608                   /home/mariana/.m2/repository/org/springframework/security/spring-security-config/5.5.3/spring-security-config-5.5.3.jar
7fef89f98000-7fef89fa1000 r--s 00055000 08:12 11142768                   /home/mariana/.m2/repository/org/springframework/spring-aop/5.3.12/spring-aop-5.3.12.jar
7fef89fa1000-7fef89fa2000 r--s 00001000 08:12 11274606                   /home/mariana/.m2/repository/org/springframework/boot/spring-boot-starter-security/2.5.6/spring-boot-starter-security-2.5.6.jar
7fef89fa2000-7fef89fa4000 r--s 0000a000 08:12 11142732                   /home/mariana/.m2/repository/org/springframework/spring-aspects/5.3.12/spring-aspects-5.3.12.jar
7fef89fa4000-7fef89fa8000 r--s 0002e000 08:12 11142715                   /home/mariana/.m2/repository/org/springframework/spring-orm/5.3.12/spring-orm-5.3.12.jar
7fef89fa8000-7fef89fc2000 r--s 0011a000 08:12 11142727                   /home/mariana/.m2/repository/org/springframework/data/spring-data-commons/2.5.6/spring-data-commons-2.5.6.jar
7fef89fc2000-7fef89fcb000 r--s 00054000 08:12 11142725                   /home/mariana/.m2/repository/org/springframework/data/spring-data-jpa/2.5.6/spring-data-jpa-2.5.6.jar
7fef89fcb000-7fef89fcd000 r--s 0000f000 08:12 11141535                   /home/mariana/.m2/repository/com/sun/activation/jakarta.activation/1.2.2/jakarta.activation-1.2.2.jar
7fef89fcd000-7fef89fcf000 r--s 00006000 08:12 11141525                   /home/mariana/.m2/repository/com/sun/istack/istack-commons-runtime/3.0.12/istack-commons-runtime-3.0.12.jar
7fef89fcf000-7fef89fd1000 r--s 00010000 08:12 11141520                   /home/mariana/.m2/repository/org/glassfish/jaxb/txw2/2.3.5/txw2-2.3.5.jar
7fef89fd1000-7fef89fe6000 r--s 000e4000 08:12 11141510                   /home/mariana/.m2/repository/org/glassfish/jaxb/jaxb-runtime/2.3.5/jaxb-runtime-2.3.5.jar
7fef89fe6000-7fef89fe9000 r--s 00011000 08:12 11141528                   /home/mariana/.m2/repository/org/hibernate/common/hibernate-commons-annotations/5.1.2.Final/hibernate-commons-annotations-5.1.2.Final.jar
7fef89fe9000-7fef89fee000 r--s 0004b000 08:12 11141526                   /home/mariana/.m2/repository/org/dom4j/dom4j/2.1.3/dom4j-2.1.3.jar
7fef89fee000-7fef89ff1000 r--s 0002f000 08:12 11141524                   /home/mariana/.m2/repository/org/jboss/jandex/2.2.3.Final/jandex-2.2.3.Final.jar
7fef89ff1000-7fef89ff6000 r--s 00068000 08:12 10618544                   /home/mariana/.m2/repository/antlr/antlr/2.7.7/antlr-2.7.7.jar
7fef89ff6000-7fef8a001000 r--s 000b5000 08:12 11141522                   /home/mariana/.m2/repository/org/javassist/javassist/3.27.0-GA/javassist-3.27.0-GA.jar
7fef8a001000-7fef8a087000 r--s 0067d000 08:12 11141518                   /home/mariana/.m2/repository/org/hibernate/hibernate-core/5.4.32.Final/hibernate-core-5.4.32.Final.jar
7fef8a087000-7fef8a08d000 r--s 00023000 08:12 11141508                   /home/mariana/.m2/repository/jakarta/persistence/jakarta.persistence-api/2.2.3/jakarta.persistence-api-2.2.3.jar
7fef8a08d000-7fef8a08e000 r--s 00003000 08:12 11141513                   /home/mariana/.m2/repository/jakarta/transaction/jakarta.transaction-api/1.3.3/jakarta.transaction-api-1.3.3.jar
7fef8a08e000-7fef8a091000 r--s 00024000 08:12 11141346                   /home/mariana/.m2/repository/com/zaxxer/HikariCP/4.0.3/HikariCP-4.0.3.jar
7fef8a091000-7fef8a092000 r--s 00001000 08:12 11142718                   /home/mariana/.m2/repository/org/springframework/boot/spring-boot-starter-jdbc/2.5.6/spring-boot-starter-jdbc-2.5.6.jar
7fef8a092000-7fef8a0ab000 r--s 001e5000 08:12 11141545                   /home/mariana/.m2/repository/org/aspectj/aspectjweaver/1.9.7/aspectjweaver-1.9.7.jar
7fef8a0ab000-7fef8a0ac000 r--s 00001000 08:12 11142707                   /home/mariana/.m2/repository/org/springframework/boot/spring-boot-starter-aop/2.5.6/spring-boot-starter-aop-2.5.6.jar
7fef8a0ac000-7fef8a0ad000 r--s 00001000 08:12 11142705                   /home/mariana/.m2/repository/org/springframework/boot/spring-boot-starter-data-jpa/2.5.6/spring-boot-starter-data-jpa-2.5.6.jar
7fef8a0ad000-7fef8a0ae000 r--s 00005000 08:12 11142773                   /home/mariana/.m2/repository/org/springframework/spring-jcl/5.3.12/spring-jcl-5.3.12.jar
7fef8a0ae000-7fef8a0ca000 r--s 0014e000 08:12 11142740                   /home/mariana/.m2/repository/org/springframework/spring-core/5.3.12/spring-core-5.3.12.jar
7fef8a0ca000-7fef8a115000 r--s 0030f000 08:12 10224584                   /home/mariana/.m2/repository/net/bytebuddy/byte-buddy/1.10.22/byte-buddy-1.10.22.jar
7fef8a115000-7fef8a117000 r--s 0000a000 08:12 10224513                   /home/mariana/.m2/repository/jakarta/activation/jakarta.activation-api/1.2.2/jakarta.activation-api-1.2.2.jar
7fef8a117000-7fef8a11b000 r--s 00019000 08:12 10224612                   /home/mariana/.m2/repository/jakarta/xml/bind/jakarta.xml.bind-api/2.3.3/jakarta.xml.bind-api-2.3.3.jar
7fef8a11b000-7fef8a11d000 r--s 00009000 08:12 10224559                   /home/mariana/.m2/repository/org/slf4j/slf4j-api/1.7.32/slf4j-api-1.7.32.jar
7fef8a11d000-7fef8a122000 r--s 00042000 08:12 11142767                   /home/mariana/.m2/repository/org/springframework/spring-expression/5.3.12/spring-expression-5.3.12.jar
7fef8a122000-7fef8a13e000 r--s 0011a000 08:12 11142729                   /home/mariana/.m2/repository/org/springframework/spring-context/5.3.12/spring-context-5.3.12.jar
7fef8a13e000-7fef8a150000 r--s 000e9000 08:12 11142766                   /home/mariana/.m2/repository/org/springframework/spring-webmvc/5.3.12/spring-webmvc-5.3.12.jar
7fef8a150000-7fef8a16f000 r--s 00170000 08:12 11142737                   /home/mariana/.m2/repository/org/springframework/spring-web/5.3.12/spring-web-5.3.12.jar
7fef8a16f000-7fef8a175000 r--s 0003e000 08:12 11142760                   /home/mariana/.m2/repository/org/apache/tomcat/embed/tomcat-embed-websocket/9.0.54/tomcat-embed-websocket-9.0.54.jar
7fef8a175000-7fef8a19e000 r--s 0031d000 08:12 11142744                   /home/mariana/.m2/repository/org/apache/tomcat/embed/tomcat-embed-core/9.0.54/tomcat-embed-core-9.0.54.jar
7fef8a19e000-7fef8a19f000 r--s 00001000 08:12 11142749                   /home/mariana/.m2/repository/org/springframework/boot/spring-boot-starter-tomcat/2.5.6/spring-boot-starter-tomcat-2.5.6.jar
7fef8a19f000-7fef8a1a1000 r--s 00001000 08:12 11014032                   /home/mariana/.m2/repository/com/fasterxml/jackson/module/jackson-module-parameter-names/2.12.5/jackson-module-parameter-names-2.12.5.jar
7fef8a1a1000-7fef8a1a4000 r--s 0001b000 08:12 11141310                   /home/mariana/.m2/repository/com/fasterxml/jackson/datatype/jackson-datatype-jsr310/2.12.5/jackson-datatype-jsr310-2.12.5.jar
7fef8a1a4000-7fef8a1a6000 r--s 00007000 08:12 11141308                   /home/mariana/.m2/repository/com/fasterxml/jackson/datatype/jackson-datatype-jdk8/2.12.5/jackson-datatype-jdk8-2.12.5.jar
7fef8a1a6000-7fef8a1a7000 r--s 00001000 08:12 11142756                   /home/mariana/.m2/repository/org/springframework/boot/spring-boot-starter-json/2.5.6/spring-boot-starter-json-2.5.6.jar
7fef8a1a7000-7fef8a1a8000 r--s 00001000 08:12 11142750                   /home/mariana/.m2/repository/org/springframework/boot/spring-boot-starter-web/2.5.6/spring-boot-starter-web-2.5.6.jar
7fef8a1a8000-7fef8a1aa000 r--s 0000f000 08:12 10883322                   /home/mariana/.m2/repository/com/fasterxml/classmate/1.5.1/classmate-1.5.1.jar
7fef8a1aa000-7fef8a1ac000 r--s 0000d000 08:12 11141529                   /home/mariana/.m2/repository/org/jboss/logging/jboss-logging/3.4.2.Final/jboss-logging-3.4.2.Final.jar
7fef8a1ac000-7fef8a1b1000 r--s 00012000 08:12 10883333                   /home/mariana/.m2/repository/jakarta/validation/jakarta.validation-api/2.0.2/jakarta.validation-api-2.0.2.jar
7fef8a1b1000-7fef8a1d3000 r--s 0011f000 08:12 11142748                   /home/mariana/.m2/repository/org/hibernate/validator/hibernate-validator/6.2.0.Final/hibernate-validator-6.2.0.Final.jar
7fef8a1d3000-7fef8a1d8000 r--s 0003a000 08:12 11142758                   /home/mariana/.m2/repository/org/apache/tomcat/embed/tomcat-embed-el/9.0.54/tomcat-embed-el-9.0.54.jar
7fef8a1d8000-7fef8a1df000 r--s 00049000 08:12 10224504                   /home/mariana/.m2/repository/org/yaml/snakeyaml/1.28/snakeyaml-1.28.jar
7fef8a1df000-7fef8a1e1000 r--s 00005000 08:12 10224492                   /home/mariana/.m2/repository/jakarta/annotation/jakarta.annotation-api/1.3.5/jakarta.annotation-api-1.3.5.jar
7fef8a1e1000-7fef8a1e3000 r--s 00000000 08:12 10224510                   /home/mariana/.m2/repository/org/slf4j/jul-to-slf4j/1.7.32/jul-to-slf4j-1.7.32.jar
7fef8a1e3000-7fef8a1e9000 r--s 00044000 08:12 10224508                   /home/mariana/.m2/repository/org/apache/logging/log4j/log4j-api/2.14.1/log4j-api-2.14.1.jar
7fef8a1e9000-7fef8a1eb000 r--s 00003000 08:12 10224506                   /home/mariana/.m2/repository/org/apache/logging/log4j/log4j-to-slf4j/2.14.1/log4j-to-slf4j-2.14.1.jar
7fef8a1eb000-7fef8a1f6000 r--s 00069000 08:12 11013960                   /home/mariana/.m2/repository/ch/qos/logback/logback-core/1.2.6/logback-core-1.2.6.jar
7fef8a1f6000-7fef8a1fd000 r--s 00041000 08:12 11013958                   /home/mariana/.m2/repository/ch/qos/logback/logback-classic/1.2.6/logback-classic-1.2.6.jar
7fef8a1fd000-7fef8a1fe000 r--s 00001000 08:12 11142710                   /home/mariana/.m2/repository/org/springframework/boot/spring-boot-starter-logging/2.5.6/spring-boot-starter-logging-2.5.6.jar
7fef8a1fe000-7fef8a22a000 r--s 00153000 08:12 11142775                   /home/mariana/.m2/repository/org/springframework/boot/spring-boot-autoconfigure/2.5.6/spring-boot-autoconfigure-2.5.6.jar
7fef8a22a000-7fef8a248000 r--s 00137000 08:12 11142774                   /home/mariana/.m2/repository/org/springframework/boot/spring-boot/2.5.6/spring-boot-2.5.6.jar
7fef8a248000-7fef8a249000 r--s 00001000 08:12 11142759                   /home/mariana/.m2/repository/org/springframework/boot/spring-boot-starter/2.5.6/spring-boot-starter-2.5.6.jar
7fef8a249000-7fef8a24a000 r--s 00001000 08:12 11142736                   /home/mariana/.m2/repository/org/springframework/boot/spring-boot-starter-validation/2.5.6/spring-boot-starter-validation-2.5.6.jar
7fef8a24a000-7fef8a25d000 r--s 0034b000 08:12 10620173                   /home/mariana/.jdks/corretto-1.8.0_302/jre/lib/resources.jar
7fef8a25d000-7fef8a25e000 r--s 00000000 08:12 10620168                   /home/mariana/.jdks/corretto-1.8.0_302/jre/lib/management-agent.jar
7fef8a25e000-7fef8a26f000 r--s 001c4000 08:12 10620170                   /home/mariana/.jdks/corretto-1.8.0_302/jre/lib/jsse.jar
7fef8a26f000-7fef8a271000 r--s 00007000 08:12 10620177                   /home/mariana/.jdks/corretto-1.8.0_302/jre/lib/jfxswt.jar
7fef8a271000-7fef8a277000 r--s 000d3000 08:12 10620171                   /home/mariana/.jdks/corretto-1.8.0_302/jre/lib/jfr.jar
7fef8a277000-7fef8a27c000 r--s 002f9000 08:12 10620172                   /home/mariana/.jdks/corretto-1.8.0_302/jre/lib/charsets.jar
7fef8a27c000-7fef8a312000 r--s 007cf000 08:12 10620163                   /home/mariana/.jdks/corretto-1.8.0_302/jre/lib/ext/jfxrt.jar
7fef8a312000-7fef8a315000 ---p 00000000 00:00 0 
7fef8a315000-7fef8a413000 rw-p 00000000 00:00 0 
7fef8a413000-7fef8a416000 ---p 00000000 00:00 0 
7fef8a416000-7fef8a514000 rw-p 00000000 00:00 0 
7fef8a514000-7fef8a517000 ---p 00000000 00:00 0 
7fef8a517000-7fef8a615000 rw-p 00000000 00:00 0 
7fef8a615000-7fef8a619000 r-xp 00000000 08:12 10620077                   /home/mariana/.jdks/corretto-1.8.0_302/jre/lib/amd64/libdt_socket.so
7fef8a619000-7fef8a818000 ---p 00004000 08:12 10620077                   /home/mariana/.jdks/corretto-1.8.0_302/jre/lib/amd64/libdt_socket.so
7fef8a818000-7fef8a819000 r--p 00003000 08:12 10620077                   /home/mariana/.jdks/corretto-1.8.0_302/jre/lib/amd64/libdt_socket.so
7fef8a819000-7fef8a81a000 rw-p 00004000 08:12 10620077                   /home/mariana/.jdks/corretto-1.8.0_302/jre/lib/amd64/libdt_socket.so
7fef8a81a000-7fef8a81d000 ---p 00000000 00:00 0 
7fef8a81d000-7fef8a91b000 rw-p 00000000 00:00 0 
7fef8a91b000-7fef8a91e000 ---p 00000000 00:00 0 
7fef8a91e000-7fef8aa1c000 rw-p 00000000 00:00 0 
7fef8aa1c000-7fef8aa1f000 ---p 00000000 00:00 0 
7fef8aa1f000-7fef8ab1d000 rw-p 00000000 00:00 0 
7fef8ab1d000-7fef8ab1e000 ---p 00000000 00:00 0 
7fef8ab1e000-7fef8bb2d000 rw-p 00000000 00:00 0 
7fef8bb2d000-7fef8bcfe000 r--s 03ca7000 08:12 10620174                   /home/mariana/.jdks/corretto-1.8.0_302/jre/lib/rt.jar
7fef8bcfe000-7fef90699000 rw-p 00000000 00:00 0 
7fef90699000-7fef9069a000 ---p 00000000 00:00 0 
7fef9069a000-7fef9079a000 rw-p 00000000 00:00 0 
7fef9079a000-7fef9079b000 ---p 00000000 00:00 0 
7fef9079b000-7fef9089b000 rw-p 00000000 00:00 0 
7fef9089b000-7fef9089c000 ---p 00000000 00:00 0 
7fef9089c000-7fef909c0000 rw-p 00000000 00:00 0 
7fef909c0000-7fef90c2a000 ---p 00000000 00:00 0 
7fef90c2a000-7fef90c4e000 rw-p 00000000 00:00 0 
7fef90c4e000-7fef90eb8000 ---p 00000000 00:00 0 
7fef90eb8000-7fef90f39000 rw-p 00000000 00:00 0 
7fef90f39000-7fef90fff000 ---p 00000000 00:00 0 
7fef90fff000-7fef91000000 rw-p 00000000 00:00 0 
7fef91000000-7fef91d90000 rwxp 00000000 00:00 0 
7fef91d90000-7fefa0000000 ---p 00000000 00:00 0 
7fefa0000000-7fefa1bbf000 rw-p 00000000 00:00 0 
7fefa1bbf000-7fefa4000000 ---p 00000000 00:00 0 
7fefa4000000-7fefa4002000 r--s 00016000 08:12 10620167                   /home/mariana/.jdks/corretto-1.8.0_302/jre/lib/jce.jar
7fefa4002000-7fefa40d2000 rw-p 00000000 00:00 0 
7fefa40d2000-7fefa40d3000 ---p 00000000 00:00 0 
7fefa40d3000-7fefa420a000 rw-p 00000000 00:00 0 
7fefa420a000-7fefa4593000 ---p 00000000 00:00 0 
7fefa4593000-7fefa45ae000 r-xp 00000000 08:12 10620075                   /home/mariana/.jdks/corretto-1.8.0_302/jre/lib/amd64/libzip.so
7fefa45ae000-7fefa47ad000 ---p 0001b000 08:12 10620075                   /home/mariana/.jdks/corretto-1.8.0_302/jre/lib/amd64/libzip.so
7fefa47ad000-7fefa47ae000 r--p 0001a000 08:12 10620075                   /home/mariana/.jdks/corretto-1.8.0_302/jre/lib/amd64/libzip.so
7fefa47ae000-7fefa47af000 rw-p 0001b000 08:12 10620075                   /home/mariana/.jdks/corretto-1.8.0_302/jre/lib/amd64/libzip.so
7fefa47af000-7fefa47b7000 rw-s 00000000 08:12 6422770                    /tmp/hsperfdata_mariana/20154
7fefa47b7000-7fefa47c1000 r-xp 00000000 08:12 10620079                   /home/mariana/.jdks/corretto-1.8.0_302/jre/lib/amd64/libinstrument.so
7fefa47c1000-7fefa49c0000 ---p 0000a000 08:12 10620079                   /home/mariana/.jdks/corretto-1.8.0_302/jre/lib/amd64/libinstrument.so
7fefa49c0000-7fefa49c1000 r--p 00009000 08:12 10620079                   /home/mariana/.jdks/corretto-1.8.0_302/jre/lib/amd64/libinstrument.so
7fefa49c1000-7fefa49c2000 rw-p 0000a000 08:12 10620079                   /home/mariana/.jdks/corretto-1.8.0_302/jre/lib/amd64/libinstrument.so
7fefa49c2000-7fefa57a0000 r--p 00000000 08:12 399874                     /usr/lib/locale/locale-archive
7fefa57a0000-7fefa57a2000 r-xp 00000000 08:12 10620066                   /home/mariana/.jdks/corretto-1.8.0_302/jre/lib/amd64/libnpt.so
7fefa57a2000-7fefa59a2000 ---p 00002000 08:12 10620066                   /home/mariana/.jdks/corretto-1.8.0_302/jre/lib/amd64/libnpt.so
7fefa59a2000-7fefa59a3000 r--p 00002000 08:12 10620066                   /home/mariana/.jdks/corretto-1.8.0_302/jre/lib/amd64/libnpt.so
7fefa59a3000-7fefa59a4000 rw-p 00003000 08:12 10620066                   /home/mariana/.jdks/corretto-1.8.0_302/jre/lib/amd64/libnpt.so
7fefa59a4000-7fefa59de000 r-xp 00000000 08:12 10620081                   /home/mariana/.jdks/corretto-1.8.0_302/jre/lib/amd64/libjdwp.so
7fefa59de000-7fefa5bdd000 ---p 0003a000 08:12 10620081                   /home/mariana/.jdks/corretto-1.8.0_302/jre/lib/amd64/libjdwp.so
7fefa5bdd000-7fefa5bde000 r--p 00039000 08:12 10620081                   /home/mariana/.jdks/corretto-1.8.0_302/jre/lib/amd64/libjdwp.so
7fefa5bde000-7fefa5bdf000 rw-p 0003a000 08:12 10620081                   /home/mariana/.jdks/corretto-1.8.0_302/jre/lib/amd64/libjdwp.so
7fefa5bdf000-7fefa5c09000 r-xp 00000000 08:12 10620072                   /home/mariana/.jdks/corretto-1.8.0_302/jre/lib/amd64/libjava.so
7fefa5c09000-7fefa5e08000 ---p 0002a000 08:12 10620072                   /home/mariana/.jdks/corretto-1.8.0_302/jre/lib/amd64/libjava.so
7fefa5e08000-7fefa5e09000 r--p 00029000 08:12 10620072                   /home/mariana/.jdks/corretto-1.8.0_302/jre/lib/amd64/libjava.so
7fefa5e09000-7fefa5e0b000 rw-p 0002a000 08:12 10620072                   /home/mariana/.jdks/corretto-1.8.0_302/jre/lib/amd64/libjava.so
7fefa5e0b000-7fefa5e1c000 r-xp 00000000 08:12 10620064                   /home/mariana/.jdks/corretto-1.8.0_302/jre/lib/amd64/libverify.so
7fefa5e1c000-7fefa601b000 ---p 00011000 08:12 10620064                   /home/mariana/.jdks/corretto-1.8.0_302/jre/lib/amd64/libverify.so
7fefa601b000-7fefa601d000 r--p 00010000 08:12 10620064                   /home/mariana/.jdks/corretto-1.8.0_302/jre/lib/amd64/libverify.so
7fefa601d000-7fefa601e000 rw-p 00012000 08:12 10620064                   /home/mariana/.jdks/corretto-1.8.0_302/jre/lib/amd64/libverify.so
7fefa601e000-7fefa6021000 r--p 00000000 08:12 401516                     /usr/lib/x86_64-linux-gnu/librt-2.31.so
7fefa6021000-7fefa6025000 r-xp 00003000 08:12 401516                     /usr/lib/x86_64-linux-gnu/librt-2.31.so
7fefa6025000-7fefa6026000 r--p 00007000 08:12 401516                     /usr/lib/x86_64-linux-gnu/librt-2.31.so
7fefa6026000-7fefa6027000 ---p 00008000 08:12 401516                     /usr/lib/x86_64-linux-gnu/librt-2.31.so
7fefa6027000-7fefa6028000 r--p 00008000 08:12 401516                     /usr/lib/x86_64-linux-gnu/librt-2.31.so
7fefa6028000-7fefa6029000 rw-p 00009000 08:12 401516                     /usr/lib/x86_64-linux-gnu/librt-2.31.so
7fefa6029000-7fefa602a000 ---p 00000000 00:00 0 
7fefa602a000-7fefa602d000 ---p 00000000 00:00 0 
7fefa602d000-7fefa612a000 rw-p 00000000 00:00 0 
7fefa612a000-7fefa6139000 r--p 00000000 08:12 401190                     /usr/lib/x86_64-linux-gnu/libm-2.31.so
7fefa6139000-7fefa61e0000 r-xp 0000f000 08:12 401190                     /usr/lib/x86_64-linux-gnu/libm-2.31.so
7fefa61e0000-7fefa6277000 r--p 000b6000 08:12 401190                     /usr/lib/x86_64-linux-gnu/libm-2.31.so
7fefa6277000-7fefa6278000 r--p 0014c000 08:12 401190                     /usr/lib/x86_64-linux-gnu/libm-2.31.so
7fefa6278000-7fefa6279000 rw-p 0014d000 08:12 401190                     /usr/lib/x86_64-linux-gnu/libm-2.31.so
7fefa6279000-7fefa6fd1000 r-xp 00000000 08:12 10620057                   /home/mariana/.jdks/corretto-1.8.0_302/jre/lib/amd64/server/libjvm.so
7fefa6fd1000-7fefa71d1000 ---p 00d58000 08:12 10620057                   /home/mariana/.jdks/corretto-1.8.0_302/jre/lib/amd64/server/libjvm.so
7fefa71d1000-7fefa7268000 r--p 00d58000 08:12 10620057                   /home/mariana/.jdks/corretto-1.8.0_302/jre/lib/amd64/server/libjvm.so
7fefa7268000-7fefa7291000 rw-p 00def000 08:12 10620057                   /home/mariana/.jdks/corretto-1.8.0_302/jre/lib/amd64/server/libjvm.so
7fefa7291000-7fefa72c6000 rw-p 00000000 00:00 0 
7fefa72c6000-7fefa72eb000 r--p 00000000 08:12 400548                     /usr/lib/x86_64-linux-gnu/libc-2.31.so
7fefa72eb000-7fefa7463000 r-xp 00025000 08:12 400548                     /usr/lib/x86_64-linux-gnu/libc-2.31.so
7fefa7463000-7fefa74ad000 r--p 0019d000 08:12 400548                     /usr/lib/x86_64-linux-gnu/libc-2.31.so
7fefa74ad000-7fefa74ae000 ---p 001e7000 08:12 400548                     /usr/lib/x86_64-linux-gnu/libc-2.31.so
7fefa74ae000-7fefa74b1000 r--p 001e7000 08:12 400548                     /usr/lib/x86_64-linux-gnu/libc-2.31.so
7fefa74b1000-7fefa74b4000 rw-p 001ea000 08:12 400548                     /usr/lib/x86_64-linux-gnu/libc-2.31.so
7fefa74b4000-7fefa74b8000 rw-p 00000000 00:00 0 
7fefa74b8000-7fefa74b9000 r--p 00000000 08:12 400683                     /usr/lib/x86_64-linux-gnu/libdl-2.31.so
7fefa74b9000-7fefa74bb000 r-xp 00001000 08:12 400683                     /usr/lib/x86_64-linux-gnu/libdl-2.31.so
7fefa74bb000-7fefa74bc000 r--p 00003000 08:12 400683                     /usr/lib/x86_64-linux-gnu/libdl-2.31.so
7fefa74bc000-7fefa74bd000 r--p 00003000 08:12 400683                     /usr/lib/x86_64-linux-gnu/libdl-2.31.so
7fefa74bd000-7fefa74be000 rw-p 00004000 08:12 400683                     /usr/lib/x86_64-linux-gnu/libdl-2.31.so
7fefa74be000-7fefa74d5000 r-xp 00000000 08:12 10620185                   /home/mariana/.jdks/corretto-1.8.0_302/lib/amd64/jli/libjli.so
7fefa74d5000-7fefa76d4000 ---p 00017000 08:12 10620185                   /home/mariana/.jdks/corretto-1.8.0_302/lib/amd64/jli/libjli.so
7fefa76d4000-7fefa76d5000 r--p 00016000 08:12 10620185                   /home/mariana/.jdks/corretto-1.8.0_302/lib/amd64/jli/libjli.so
7fefa76d5000-7fefa76d6000 rw-p 00017000 08:12 10620185                   /home/mariana/.jdks/corretto-1.8.0_302/lib/amd64/jli/libjli.so
7fefa76d6000-7fefa76dd000 r--p 00000000 08:12 401455                     /usr/lib/x86_64-linux-gnu/libpthread-2.31.so
7fefa76dd000-7fefa76ee000 r-xp 00007000 08:12 401455                     /usr/lib/x86_64-linux-gnu/libpthread-2.31.so
7fefa76ee000-7fefa76f3000 r--p 00018000 08:12 401455                     /usr/lib/x86_64-linux-gnu/libpthread-2.31.so
7fefa76f3000-7fefa76f4000 r--p 0001c000 08:12 401455                     /usr/lib/x86_64-linux-gnu/libpthread-2.31.so
7fefa76f4000-7fefa76f5000 rw-p 0001d000 08:12 401455                     /usr/lib/x86_64-linux-gnu/libpthread-2.31.so
7fefa76f5000-7fefa76f9000 rw-p 00000000 00:00 0 
7fefa76f9000-7fefa76fc000 r--p 00000000 08:12 401314                     /usr/lib/x86_64-linux-gnu/libnss_files-2.31.so
7fefa76fc000-7fefa7703000 r-xp 00003000 08:12 401314                     /usr/lib/x86_64-linux-gnu/libnss_files-2.31.so
7fefa7703000-7fefa7705000 r--p 0000a000 08:12 401314                     /usr/lib/x86_64-linux-gnu/libnss_files-2.31.so
7fefa7705000-7fefa7706000 r--p 0000b000 08:12 401314                     /usr/lib/x86_64-linux-gnu/libnss_files-2.31.so
7fefa7706000-7fefa7707000 rw-p 0000c000 08:12 401314                     /usr/lib/x86_64-linux-gnu/libnss_files-2.31.so
7fefa7707000-7fefa7710000 rw-p 00000000 00:00 0 
7fefa7710000-7fefa7711000 r--p 00000000 08:12 400332                     /usr/lib/x86_64-linux-gnu/ld-2.31.so
7fefa7711000-7fefa7734000 r-xp 00001000 08:12 400332                     /usr/lib/x86_64-linux-gnu/ld-2.31.so
7fefa7734000-7fefa773c000 r--p 00024000 08:12 400332                     /usr/lib/x86_64-linux-gnu/ld-2.31.so
7fefa773c000-7fefa773d000 r--p 00000000 00:00 0 
7fefa773d000-7fefa773e000 r--p 0002c000 08:12 400332                     /usr/lib/x86_64-linux-gnu/ld-2.31.so
7fefa773e000-7fefa773f000 rw-p 0002d000 08:12 400332                     /usr/lib/x86_64-linux-gnu/ld-2.31.so
7fefa773f000-7fefa7740000 rw-p 00000000 00:00 0 
7fffd7077000-7fffd709a000 rw-p 00000000 00:00 0                          [stack]
7fffd71e1000-7fffd71e5000 r--p 00000000 00:00 0                          [vvar]
7fffd71e5000-7fffd71e7000 r-xp 00000000 00:00 0                          [vdso]
ffffffffff600000-ffffffffff601000 --xp 00000000 00:00 0                  [vsyscall]

VM Arguments:
jvm_args: -agentlib:jdwp=transport=dt_socket,address=127.0.0.1:35509,suspend=y,server=n -javaagent:/snap/intellij-idea-community/330/plugins/java/lib/rt/debugger-agent.jar -Dfile.encoding=UTF-8 
java_command: Application
java_class_path (initial): /home/mariana/.jdks/corretto-1.8.0_302/jre/lib/charsets.jar:/home/mariana/.jdks/corretto-1.8.0_302/jre/lib/ext/cldrdata.jar:/home/mariana/.jdks/corretto-1.8.0_302/jre/lib/ext/dnsns.jar:/home/mariana/.jdks/corretto-1.8.0_302/jre/lib/ext/jaccess.jar:/home/mariana/.jdks/corretto-1.8.0_302/jre/lib/ext/jfxrt.jar:/home/mariana/.jdks/corretto-1.8.0_302/jre/lib/ext/localedata.jar:/home/mariana/.jdks/corretto-1.8.0_302/jre/lib/ext/nashorn.jar:/home/mariana/.jdks/corretto-1.8.0_302/jre/lib/ext/sunec.jar:/home/mariana/.jdks/corretto-1.8.0_302/jre/lib/ext/sunjce_provider.jar:/home/mariana/.jdks/corretto-1.8.0_302/jre/lib/ext/sunpkcs11.jar:/home/mariana/.jdks/corretto-1.8.0_302/jre/lib/ext/zipfs.jar:/home/mariana/.jdks/corretto-1.8.0_302/jre/lib/jce.jar:/home/mariana/.jdks/corretto-1.8.0_302/jre/lib/jfr.jar:/home/mariana/.jdks/corretto-1.8.0_302/jre/lib/jfxswt.jar:/home/mariana/.jdks/corretto-1.8.0_302/jre/lib/jsse.jar:/home/mariana/.jdks/corretto-1.8.0_302/jre/lib/management-agent.jar:/home/mariana/.jdks/corretto-1.8.0_302/jre/lib/resources.jar:/home/mariana/.jdks/corretto-1.8.0_302/jre/lib/rt.jar:/home/mariana/Projects/banking-system/api/target/classes:/home/mariana/Projects/banking-system/core/target/classes:/home/mariana/.m2/repository/org/springframework/boot/spring-boot-starter-validation/2.5.6/spring-boot-starter-validation-2.5.6.jar:/home/mariana/.m2/repository/org/springframework/boot/spring-boot-starter/2.5.6/spring-boot-starter-2.5.6.jar:/home/mariana/.m2/repository/org/springframework/boot/spring-boot/2.5.6/spring-boot-2.5.6.jar:/home/mariana/.m2/repository/org/springframework/boot/spring-boot-autoconfigure/2.5.6/spring-boot-autoconfigure-2.5.6.jar:/home/mariana/.m2/repository/org/springframework/boot/spring-boot-starter-logging/2.5.6/spring-boot-starter-logging-2.5.6.jar:/home/mariana/.m2/repository/ch/qos/logback/logback-classic/1.2.6/logback-classic-1.2.6.jar:/home/mariana/.m2/repository/ch/qos/logback/logback-core/1.2.6/logback-core-1
Launcher Type: SUN_STANDARD

Environment Variables:
PATH=/usr/local/sbin:/usr/local/bin:/usr/sbin:/usr/bin:/sbin:/bin:/usr/games:/usr/local/games:/snap/bin
USERNAME=mariana
SHELL=/bin/bash
DISPLAY=:0

Signal Handlers:
SIGSEGV: [libjvm.so+0xb32220], sa_mask[0]=11111111011111111101111111111110, sa_flags=SA_RESTART|SA_SIGINFO
SIGBUS: [libjvm.so+0xb32220], sa_mask[0]=11111111011111111101111111111110, sa_flags=SA_RESTART|SA_SIGINFO
SIGFPE: [libjvm.so+0x959c30], sa_mask[0]=11111111011111111101111111111110, sa_flags=SA_RESTART|SA_SIGINFO
SIGPIPE: [libjvm.so+0x959c30], sa_mask[0]=11111111011111111101111111111110, sa_flags=SA_RESTART|SA_SIGINFO
SIGXFSZ: [libjvm.so+0x959c30], sa_mask[0]=11111111011111111101111111111110, sa_flags=SA_RESTART|SA_SIGINFO
SIGILL: [libjvm.so+0x959c30], sa_mask[0]=11111111011111111101111111111110, sa_flags=SA_RESTART|SA_SIGINFO
SIGUSR1: SIG_DFL, sa_mask[0]=00000000000000000000000000000000, sa_flags=none
SIGUSR2: [libjvm.so+0x959b00], sa_mask[0]=00100000000000000000000000000000, sa_flags=SA_RESTART|SA_SIGINFO
SIGHUP: [libjvm.so+0x95a120], sa_mask[0]=11111111011111111101111111111110, sa_flags=SA_RESTART|SA_SIGINFO
SIGINT: [libjvm.so+0x95a120], sa_mask[0]=11111111011111111101111111111110, sa_flags=SA_RESTART|SA_SIGINFO
SIGTERM: [libjvm.so+0x95a120], sa_mask[0]=11111111011111111101111111111110, sa_flags=SA_RESTART|SA_SIGINFO
SIGQUIT: [libjvm.so+0x95a120], sa_mask[0]=11111111011111111101111111111110, sa_flags=SA_RESTART|SA_SIGINFO


---------------  S Y S T E M  ---------------

OS:DISTRIB_ID=Ubuntu
DISTRIB_RELEASE=20.04
DISTRIB_CODENAME=focal
DISTRIB_DESCRIPTION="Ubuntu 20.04.2 LTS"

uname:Linux 5.11.0-38-generic #42~20.04.1-Ubuntu SMP Tue Sep 28 20:41:07 UTC 2021 x86_64
libc:glibc 2.31 NPTL 2.31 
rlimit: STACK 8192k, CORE 0k, NPROC 31137, NOFILE 1048576, AS infinity
load average:1,56 0,97 0,78

/proc/meminfo:
MemTotal:        8030592 kB
MemFree:          322428 kB
MemAvailable:    2270732 kB
Buffers:          169880 kB
Cached:          2363564 kB
SwapCached:           16 kB
Active:          1567164 kB
Inactive:        5767724 kB
Active(anon):     282788 kB
Inactive(anon):  4937516 kB
Active(file):    1284376 kB
Inactive(file):   830208 kB
Unevictable:        4928 kB
Mlocked:              32 kB
SwapTotal:       2097148 kB
SwapFree:        2091260 kB
Dirty:             18596 kB
Writeback:             0 kB
AnonPages:       4806620 kB
Mapped:          1245416 kB
Shmem:            464184 kB
KReclaimable:     116344 kB
Slab:             225932 kB
SReclaimable:     116344 kB
SUnreclaim:       109588 kB
KernelStack:       18592 kB
PageTables:        55044 kB
NFS_Unstable:          0 kB
Bounce:                0 kB
WritebackTmp:          0 kB
CommitLimit:     6112444 kB
Committed_AS:   14618680 kB
VmallocTotal:   34359738367 kB
VmallocUsed:       44172 kB
VmallocChunk:          0 kB
Percpu:             3792 kB
HardwareCorrupted:     0 kB
AnonHugePages:         0 kB
ShmemHugePages:        0 kB
ShmemPmdMapped:        0 kB
FileHugePages:         0 kB
FilePmdMapped:         0 kB
HugePages_Total:       0
HugePages_Free:        0
HugePages_Rsvd:        0
HugePages_Surp:        0
Hugepagesize:       2048 kB
Hugetlb:               0 kB
DirectMap4k:      312732 kB
DirectMap2M:     7956480 kB
DirectMap1G:           0 kB

container (cgroup) information:
container_type: cgroupv1
cpu_cpuset_cpus: 0-3
cpu_memory_nodes: 0
active_processor_count: 4
cpu_quota: -1
cpu_period: 100000
cpu_shares: -1
memory_limit_in_bytes: -1
memory_and_swap_limit_in_bytes: -1
memory_soft_limit_in_bytes: -1
memory_usage_in_bytes: 6522347520
memory_max_usage_in_bytes: 6726303744


CPU:total 4 (initial active 4) (2 cores per cpu, 2 threads per core) family 6 model 142 stepping 9, cmov, cx8, fxsr, mmx, sse, sse2, sse3, ssse3, sse4.1, sse4.2, popcnt, avx, avx2, aes, clmul, erms, 3dnowpref, lzcnt, ht, tsc, tscinvbit, bmi1, bmi2, adx

/proc/cpuinfo:
processor	: 0
vendor_id	: GenuineIntel
cpu family	: 6
model		: 142
model name	: Intel(R) Core(TM) i7-7500U CPU @ 2.70GHz
stepping	: 9
microcode	: 0xea
cpu MHz		: 3499.999
cache size	: 4096 KB
physical id	: 0
siblings	: 4
core id		: 0
cpu cores	: 2
apicid		: 0
initial apicid	: 0
fpu		: yes
fpu_exception	: yes
cpuid level	: 22
wp		: yes
flags		: fpu vme de pse tsc msr pae mce cx8 apic sep mtrr pge mca cmov pat pse36 clflush dts acpi mmx fxsr sse sse2 ss ht tm pbe syscall nx pdpe1gb rdtscp lm constant_tsc art arch_perfmon pebs bts rep_good nopl xtopology nonstop_tsc cpuid aperfmperf pni pclmulqdq dtes64 monitor ds_cpl vmx est tm2 ssse3 sdbg fma cx16 xtpr pdcm pcid sse4_1 sse4_2 x2apic movbe popcnt tsc_deadline_timer aes xsave avx f16c rdrand lahf_lm abm 3dnowprefetch cpuid_fault epb invpcid_single pti ssbd ibrs ibpb stibp tpr_shadow vnmi flexpriority ept vpid ept_ad fsgsbase tsc_adjust bmi1 avx2 smep bmi2 erms invpcid mpx rdseed adx smap clflushopt intel_pt xsaveopt xsavec xgetbv1 xsaves dtherm ida arat pln pts hwp hwp_notify hwp_act_window hwp_epp md_clear flush_l1d
vmx flags	: vnmi preemption_timer invvpid ept_x_only ept_ad ept_1gb flexpriority tsc_offset vtpr mtf vapic ept vpid unrestricted_guest ple pml ept_mode_based_exec
bugs		: cpu_meltdown spectre_v1 spectre_v2 spec_store_bypass l1tf mds swapgs itlb_multihit srbds
bogomips	: 5799.77
clflush size	: 64
cache_alignment	: 64
address sizes	: 39 bits physical, 48 bits virtual
power management:

processor	: 1
vendor_id	: GenuineIntel
cpu family	: 6
model		: 142
model name	: Intel(R) Core(TM) i7-7500U CPU @ 2.70GHz
stepping	: 9
microcode	: 0xea
cpu MHz		: 3499.996
cache size	: 4096 KB
physical id	: 0
siblings	: 4
core id		: 1
cpu cores	: 2
apicid		: 2
initial apicid	: 2
fpu		: yes
fpu_exception	: yes
cpuid level	: 22
wp		: yes
flags		: fpu vme de pse tsc msr pae mce cx8 apic sep mtrr pge mca cmov pat pse36 clflush dts acpi mmx fxsr sse sse2 ss ht tm pbe syscall nx pdpe1gb rdtscp lm constant_tsc art arch_perfmon pebs bts rep_good nopl xtopology nonstop_tsc cpuid aperfmperf pni pclmulqdq dtes64 monitor ds_cpl vmx est tm2 ssse3 sdbg fma cx16 xtpr pdcm pcid sse4_1 sse4_2 x2apic movbe popcnt tsc_deadline_timer aes xsave avx f16c rdrand lahf_lm abm 3dnowprefetch cpuid_fault epb invpcid_single pti ssbd ibrs ibpb stibp tpr_shadow vnmi flexpriority ept vpid ept_ad fsgsbase tsc_adjust bmi1 avx2 smep bmi2 erms invpcid mpx rdseed adx smap clflushopt intel_pt xsaveopt xsavec xgetbv1 xsaves dtherm ida arat pln pts hwp hwp_notify hwp_act_window hwp_epp md_clear flush_l1d
vmx flags	: vnmi preemption_timer invvpid ept_x_only ept_ad ept_1gb flexpriority tsc_offset vtpr mtf vapic ept vpid unrestricted_guest ple pml ept_mode_based_exec
bugs		: cpu_meltdown spectre_v1 spectre_v2 spec_store_bypass l1tf mds swapgs itlb_multihit srbds
bogomips	: 5799.77
clflush size	: 64
cache_alignment	: 64
address sizes	: 39 bits physical, 48 bits virtual
power management:

processor	: 2
vendor_id	: GenuineIntel
cpu family	: 6
model		: 142
model name	: Intel(R) Core(TM) i7-7500U CPU @ 2.70GHz
stepping	: 9
microcode	: 0xea
cpu MHz		: 2037.642
cache size	: 4096 KB
physical id	: 0
siblings	: 4
core id		: 0
cpu cores	: 2
apicid		: 1
initial apicid	: 1
fpu		: yes
fpu_exception	: yes
cpuid level	: 22
wp		: yes
flags		: fpu vme de pse tsc msr pae mce cx8 apic sep mtrr pge mca cmov pat pse36 clflush dts acpi mmx fxsr sse sse2 ss ht tm pbe syscall nx pdpe1gb rdtscp lm constant_tsc art arch_perfmon pebs bts rep_good nopl xtopology nonstop_tsc cpuid aperfmperf pni pclmulqdq dtes64 monitor ds_cpl vmx est tm2 ssse3 sdbg fma cx16 xtpr pdcm pcid sse4_1 sse4_2 x2apic movbe popcnt tsc_deadline_timer aes xsave avx f16c rdrand lahf_lm abm 3dnowprefetch cpuid_fault epb invpcid_single pti ssbd ibrs ibpb stibp tpr_shadow vnmi flexpriority ept vpid ept_ad fsgsbase tsc_adjust bmi1 avx2 smep bmi2 erms invpcid mpx rdseed adx smap clflushopt intel_pt xsaveopt xsavec xgetbv1 xsaves dtherm ida arat pln pts hwp hwp_notify hwp_act_window hwp_epp md_clear flush_l1d
vmx flags	: vnmi preemption_timer invvpid ept_x_only ept_ad ept_1gb flexpriority tsc_offset vtpr mtf vapic ept vpid unrestricted_guest ple pml ept_mode_based_exec
bugs		: cpu_meltdown spectre_v1 spectre_v2 spec_store_bypass l1tf mds swapgs itlb_multihit srbds
bogomips	: 5799.77
clflush size	: 64
cache_alignment	: 64
address sizes	: 39 bits physical, 48 bits virtual
power management:

processor	: 3
vendor_id	: GenuineIntel
cpu family	: 6
model		: 142
model name	: Intel(R) Core(TM) i7-7500U CPU @ 2.70GHz
stepping	: 9
microcode	: 0xea
cpu MHz		: 3500.000
cache size	: 4096 KB
physical id	: 0
siblings	: 4
core id		: 1
cpu cores	: 2
apicid		: 3
initial apicid	: 3
fpu		: yes
fpu_exception	: yes
cpuid level	: 22
wp		: yes
flags		: fpu vme de pse tsc msr pae mce cx8 apic sep mtrr pge mca cmov pat pse36 clflush dts acpi mmx fxsr sse sse2 ss ht tm pbe syscall nx pdpe1gb rdtscp lm constant_tsc art arch_perfmon pebs bts rep_good nopl xtopology nonstop_tsc cpuid aperfmperf pni pclmulqdq dtes64 monitor ds_cpl vmx est tm2 ssse3 sdbg fma cx16 xtpr pdcm pcid sse4_1 sse4_2 x2apic movbe popcnt tsc_deadline_timer aes xsave avx f16c rdrand lahf_lm abm 3dnowprefetch cpuid_fault epb invpcid_single pti ssbd ibrs ibpb stibp tpr_shadow vnmi flexpriority ept vpid ept_ad fsgsbase tsc_adjust bmi1 avx2 smep bmi2 erms invpcid mpx rdseed adx smap clflushopt intel_pt xsaveopt xsavec xgetbv1 xsaves dtherm ida arat pln pts hwp hwp_notify hwp_act_window hwp_epp md_clear flush_l1d
vmx flags	: vnmi preemption_timer invvpid ept_x_only ept_ad ept_1gb flexpriority tsc_offset vtpr mtf vapic ept vpid unrestricted_guest ple pml ept_mode_based_exec
bugs		: cpu_meltdown spectre_v1 spectre_v2 spec_store_bypass l1tf mds swapgs itlb_multihit srbds
bogomips	: 5799.77
clflush size	: 64
cache_alignment	: 64
address sizes	: 39 bits physical, 48 bits virtual
power management:



Memory: 4k page, physical 8030592k(322176k free), swap 2097148k(2091260k free)

vm_info: OpenJDK 64-Bit Server VM (25.302-b08) for linux-amd64 JRE (1.8.0_302-b08), built on Jul 15 2021 19:28:11 by "jenkins" with gcc 7.3.1 20180303 (Red Hat 7.3.1-5)

time: Wed Nov 10 23:52:51 2021
timezone: -03
elapsed time: 5.983014 seconds (0d 0h 0m 5s)

